<?xml version="1.0" encoding="UTF-8"?>
<!-- Generated by org.testng.reporters.JUnitXMLReporter -->
<testsuite ignored="0" hostname="Sebastians-MacBook-Pro.local" failures="1" tests="1" name="/Users/sebastiangilarranz/Desktop/Sebastian/PCTE-Similar1/Scripts/Register/Script1611241895950.groovy" time="14.335" errors="0" timestamp="15 Feb 2021 13:38:18 GMT">
  <testcase classname="console.RunScript" name="runScript" time="14.318">
    <failure type="java.lang.AssertionError" message="Cucumber feature file failed.">
      <![CDATA[java.lang.AssertionError: Cucumber feature file failed.
	at org.junit.Assert.fail(Assert.java:89)
	at com.ucf.pcte.CucumberKW.runFeatureFile(CucumberKW.java:46)
	at com.ucf.pcte.CucumberKW$runFeatureFile.call(Unknown Source)
	at org.codehaus.groovy.runtime.callsite.CallSiteArray.defaultCall(CallSiteArray.java:47)
	at org.codehaus.groovy.runtime.callsite.AbstractCallSite.call(AbstractCallSite.java:125)
	at org.codehaus.groovy.runtime.callsite.AbstractCallSite.call(AbstractCallSite.java:139)
	at Script1611241895950.run(Script1611241895950.groovy:5)
	at groovy.lang.GroovyShell.evaluate(GroovyShell.java:427)
	at groovy.lang.GroovyShell.evaluate(GroovyShell.java:470)
	at console.RunScript.runScript(RunScript.java:25)
	at console.Execute.run(Execute.java:53)
	at console.RunConsole.main(RunConsole.java:86)
... Removed 22 stack frames]]>
    </failure>
  </testcase> <!-- runScript -->
</testsuite> <!-- /Users/sebastiangilarranz/Desktop/Sebastian/PCTE-Similar1/Scripts/Register/Script1611241895950.groovy -->
