<?xml version="1.0" encoding="UTF-8"?>
<!-- Generated by org.testng.reporters.JUnitXMLReporter -->
<testsuite ignored="0" hostname="Sebastians-MBP" failures="1" tests="1" name="Register" time="6.632" errors="0" timestamp="18 Feb 2021 04:04:42 GMT">
  <testcase classname="console.RunScript" name="runScript" time="6.622">
    <failure type="java.lang.AssertionError" message="Cucumber feature file failed.">
      <![CDATA[java.lang.AssertionError: Cucumber feature file failed.
	at org.junit.Assert.fail(Assert.java:89)
	at com.ucf.pcte.CucumberKW.runFeatureFile(CucumberKW.java:36)
	at com.ucf.pcte.CucumberKW$runFeatureFile.call(Unknown Source)
	at org.codehaus.groovy.runtime.callsite.CallSiteArray.defaultCall(CallSiteArray.java:47)
	at org.codehaus.groovy.runtime.callsite.AbstractCallSite.call(AbstractCallSite.java:125)
	at org.codehaus.groovy.runtime.callsite.AbstractCallSite.call(AbstractCallSite.java:139)
	at Script1611241895950.run(Script1611241895950.groovy:5)
	at groovy.lang.GroovyShell.evaluate(GroovyShell.java:427)
	at groovy.lang.GroovyShell.evaluate(GroovyShell.java:470)
	at console.RunScript.runScript(RunScript.java:23)
	at console.Execute.run(Execute.java:51)
	at console.RunConsole.main(RunConsole.java:74)
... Removed 22 stack frames]]>
    </failure>
  </testcase> <!-- runScript -->
</testsuite> <!-- Register -->
