<html>
<head>
<title>TestNG:  Register</title>
<link href="../testng.css" rel="stylesheet" type="text/css" />
<link href="../my-testng.css" rel="stylesheet" type="text/css" />

<style type="text/css">
.log { display: none;} 
.stack-trace { display: none;} 
</style>
<script type="text/javascript">
<!--
function flip(e) {
  current = e.style.display;
  if (current == 'block') {
    e.style.display = 'none';
    return 0;
  }
  else {
    e.style.display = 'block';
    return 1;
  }
}

function toggleBox(szDivId, elem, msg1, msg2)
{
  var res = -1;  if (document.getElementById) {
    res = flip(document.getElementById(szDivId));
  }
  else if (document.all) {
    // this is the way old msie versions work
    res = flip(document.all[szDivId]);
  }
  if(elem) {
    if(res == 0) elem.innerHTML = msg1; else elem.innerHTML = msg2;
  }

}

function toggleAllBoxes() {
  if (document.getElementsByTagName) {
    d = document.getElementsByTagName('div');
    for (i = 0; i < d.length; i++) {
      if (d[i].className == 'log') {
        flip(d[i]);
      }
    }
  }
}

// -->
</script>

</head>
<body>
<h2 align='center'>Register</h2><table border='1' align="center">
<tr>
<td>Tests passed/Failed/Skipped:</td><td>0/1/0</td>
</tr><tr>
<td>Started on:</td><td>Tue Feb 23 00:34:56 EST 2021</td>
</tr>
<tr><td>Total time:</td><td>0 seconds (56 ms)</td>
</tr><tr>
<td>Included groups:</td><td></td>
</tr><tr>
<td>Excluded groups:</td><td></td>
</tr>
</table><p/>
<small><i>(Hover the method name to see the test class name)</i></small><p/>
<table width='100%' border='1' class='invocation-failed'>
<tr><td colspan='4' align='center'><b>FAILED TESTS</b></td></tr>
<tr><td><b>Test method</b></td>
<td width="30%"><b>Exception</b></td>
<td width="10%"><b>Time (seconds)</b></td>
<td><b>Instance</b></td>
</tr>
<tr>
<td title='console.RunScript.runScript()'><b>runScript</b><br>Test class: console.RunScript<br>Parameters: temp/Scripts/Register/Script1611241895950.groovy</td>
<td><div><pre>java.lang.AssertionError: org.codehaus.groovy.control.MultipleCompilationErrorsException: startup failed:
/Users/sebastiangilarranz/Downloads/Richard-main/temp/scripts/Register/Script1611241895950.groovy: 5: unable to resolve class com.kms.katalon.core.testdata.CSVData
 @ line 5, column 1.
   import com.kms.katalon.core.testdata.CSVData
   ^

/Users/sebastiangilarranz/Downloads/Richard-main/temp/scripts/Register/Script1611241895950.groovy: 6: unable to resolve class com.kms.katalon.core.testdata.reader.CSVSeparator
 @ line 6, column 1.
   import com.kms.katalon.core.testdata.reader.CSVSeparator
   ^

2 errors

	at console.RunScript.runScript(RunScript.java:26)
	at console.Execute.run(Execute.java:61)
	at console.RunConsole.main(RunConsole.java:156)
... Removed 23 stack frames</pre></div><a href='#' onClick='toggleBox("stack-trace540092563", this, "Click to show all stack frames", "Click to hide stack frames")'>Click to show all stack frames</a>
<div class='stack-trace' id='stack-trace540092563'><pre>java.lang.AssertionError: org.codehaus.groovy.control.MultipleCompilationErrorsException: startup failed:
/Users/sebastiangilarranz/Downloads/Richard-main/temp/scripts/Register/Script1611241895950.groovy: 5: unable to resolve class com.kms.katalon.core.testdata.CSVData
 @ line 5, column 1.
   import com.kms.katalon.core.testdata.CSVData
   ^

/Users/sebastiangilarranz/Downloads/Richard-main/temp/scripts/Register/Script1611241895950.groovy: 6: unable to resolve class com.kms.katalon.core.testdata.reader.CSVSeparator
 @ line 6, column 1.
   import com.kms.katalon.core.testdata.reader.CSVSeparator
   ^

2 errors

	at org.testng.Assert.fail(Assert.java:93)
	at console.RunScript.runScript(RunScript.java:26)
	at java.base/jdk.internal.reflect.NativeMethodAccessorImpl.invoke0(Native Method)
	at java.base/jdk.internal.reflect.NativeMethodAccessorImpl.invoke(NativeMethodAccessorImpl.java:64)
	at java.base/jdk.internal.reflect.DelegatingMethodAccessorImpl.invoke(DelegatingMethodAccessorImpl.java:43)
	at java.base/java.lang.reflect.Method.invoke(Method.java:564)
	at org.testng.internal.MethodInvocationHelper.invokeMethod(MethodInvocationHelper.java:108)
	at org.testng.internal.Invoker.invokeMethod(Invoker.java:661)
	at org.testng.internal.Invoker.invokeTestMethod(Invoker.java:869)
	at org.testng.internal.Invoker.invokeTestMethods(Invoker.java:1193)
	at org.testng.internal.TestMethodWorker.invokeTestMethods(TestMethodWorker.java:126)
	at org.testng.internal.TestMethodWorker.run(TestMethodWorker.java:109)
	at org.testng.TestRunner.privateRun(TestRunner.java:744)
	at org.testng.TestRunner.run(TestRunner.java:602)
	at org.testng.SuiteRunner.runTest(SuiteRunner.java:380)
	at org.testng.SuiteRunner.runSequentially(SuiteRunner.java:375)
	at org.testng.SuiteRunner.privateRun(SuiteRunner.java:340)
	at org.testng.SuiteRunner.run(SuiteRunner.java:289)
	at org.testng.SuiteRunnerWorker.runSuite(SuiteRunnerWorker.java:52)
	at org.testng.SuiteRunnerWorker.run(SuiteRunnerWorker.java:86)
	at org.testng.TestNG.runSuitesSequentially(TestNG.java:1301)
	at org.testng.TestNG.runSuitesLocally(TestNG.java:1226)
	at org.testng.TestNG.runSuites(TestNG.java:1144)
	at org.testng.TestNG.run(TestNG.java:1115)
	at console.Execute.run(Execute.java:61)
	at console.RunConsole.main(RunConsole.java:156)
</pre></div></td>
<td>0</td>
<td>console.RunScript@617fe9e1</td></tr>
</table><p>
</body>
</html>