<?xml version="1.0" encoding="UTF-8" standalone="no"?><testsuites failures="2" name="Smoke" tests="6" time="39.646035"><testsuite failures="0" name="cucumber.runtime.formatter.JUnitFormatter" skipped="0" tests="1" time="4.017912">
    <testcase classname="AddContact" name="Add Contact" time="4.017912">
        <system-out><![CDATA[Given I am on contactology..................................................passed
When I login to contactology................................................passed
And I add contact...........................................................passed
Then I should see contact on contactlist....................................passed
]]></system-out>
    </testcase>
</testsuite><testsuite failures="0" name="cucumber.runtime.formatter.JUnitFormatter" skipped="0" tests="2" time="6.242202">
    <testcase classname="Login to Contactology" name="Login" time="3.06334">
        <system-out><![CDATA[Given I am on contactology..................................................passed
When I login to contactology................................................passed
Then I should have access to dashboard......................................passed
]]></system-out>
    </testcase>
    <testcase classname="Login to Contactology" name="Logout" time="3.178862">
        <system-out><![CDATA[Given I am on contactology..................................................passed
And I login to contactology.................................................passed
When I logout of contactology...............................................passed
Then I should no longer have access to dashboard............................passed
]]></system-out>
    </testcase>
</testsuite><testsuite failures="1" name="cucumber.runtime.formatter.JUnitFormatter" skipped="0" tests="1" time="16.854802">
    <testcase classname="Register to Contactology" name="Register" time="16.854802">
        <failure message="java.lang.AssertionError: Could not verify Element Text.&#10;&#9;at org.testng.Assert.fail(Assert.java:93)&#10;&#9;at com.ucf.pcte.gold.WebUI.verifyElementText(WebUI.groovy:305)&#10;&#9;at com.ucf.pcte.gold.WebUI$verifyElementText$5.call(Unknown Source)&#10;&#9;at org.codehaus.groovy.runtime.callsite.CallSiteArray.defaultCall(CallSiteArray.java:47)&#10;&#9;at org.codehaus.groovy.runtime.callsite.AbstractCallSite.call(AbstractCallSite.java:125)&#10;&#9;at org.codehaus.groovy.runtime.callsite.AbstractCallSite.call(AbstractCallSite.java:148)&#10;&#9;at com.stepdefinitions.Login.confirmDashboard(Login:42)&#10;&#9;at ✽.I should have access to dashboard(temp/features/Register-success.feature:6)&#10;"><![CDATA[Given I am on contactology..................................................passed
When I register to contactology.............................................passed
Then I should have access to dashboard......................................failed

StackTrace:
java.lang.AssertionError: Could not verify Element Text.
	at org.testng.Assert.fail(Assert.java:93)
	at com.ucf.pcte.gold.WebUI.verifyElementText(WebUI.groovy:305)
	at com.ucf.pcte.gold.WebUI$verifyElementText$5.call(Unknown Source)
	at org.codehaus.groovy.runtime.callsite.CallSiteArray.defaultCall(CallSiteArray.java:47)
	at org.codehaus.groovy.runtime.callsite.AbstractCallSite.call(AbstractCallSite.java:125)
	at org.codehaus.groovy.runtime.callsite.AbstractCallSite.call(AbstractCallSite.java:148)
	at com.stepdefinitions.Login.confirmDashboard(Login:42)
	at ✽.I should have access to dashboard(temp/features/Register-success.feature:6)
]]></failure>
    </testcase>
</testsuite><testsuite failures="1" name="cucumber.runtime.formatter.JUnitFormatter" skipped="0" tests="1" time="8.091166">
    <testcase classname="Delete Contact" name="Delete previously created contact" time="8.091166">
        <failure message="org.openqa.selenium.TimeoutException: Expected condition failed: waiting for com.ucf.pcte.gold.WebUI$2@71936a92 (tried for 5 second(s) with 500 milliseconds interval)&#10;Build info: version: '3.141.59', revision: 'e82be7d358', time: '2018-11-14T08:25:53'&#10;System info: host: 'Sebastians-MBP', ip: 'fe80:0:0:0:cd:3be1:3c3f:c51a%en0', os.name: 'Mac OS X', os.arch: 'x86_64', os.version: '10.15.7', java.version: '15.0.1'&#10;Driver info: driver.version: unknown&#10;&#9;at org.openqa.selenium.support.ui.FluentWait.timeoutException(FluentWait.java:304)&#10;&#9;at org.openqa.selenium.support.ui.FluentWait.until(FluentWait.java:272)&#10;&#9;at com.ucf.pcte.gold.WebUI.verifyElementNotPresent(WebUI.groovy:267)&#10;&#9;at com.ucf.pcte.gold.WebUI$verifyElementNotPresent$6.call(Unknown Source)&#10;&#9;at org.codehaus.groovy.runtime.callsite.CallSiteArray.defaultCall(CallSiteArray.java:47)&#10;&#9;at org.codehaus.groovy.runtime.callsite.AbstractCallSite.call(AbstractCallSite.java:125)&#10;&#9;at org.codehaus.groovy.runtime.callsite.AbstractCallSite.call(AbstractCallSite.java:148)&#10;&#9;at com.stepdefinitions.Add_Delete_Contact.verifyNoContact(Add_Delete_Contact:46)&#10;&#9;at ✽.I should no longer see contact(temp/features/DeleteContact.feature:7)&#10;"><![CDATA[Given I am on contactology..................................................passed
When I login to contactology................................................passed
And I delete contact previously created.....................................passed
Then I should no longer see contact.........................................failed

StackTrace:
org.openqa.selenium.TimeoutException: Expected condition failed: waiting for com.ucf.pcte.gold.WebUI$2@71936a92 (tried for 5 second(s) with 500 milliseconds interval)
Build info: version: '3.141.59', revision: 'e82be7d358', time: '2018-11-14T08:25:53'
System info: host: 'Sebastians-MBP', ip: 'fe80:0:0:0:cd:3be1:3c3f:c51a%en0', os.name: 'Mac OS X', os.arch: 'x86_64', os.version: '10.15.7', java.version: '15.0.1'
Driver info: driver.version: unknown
	at org.openqa.selenium.support.ui.FluentWait.timeoutException(FluentWait.java:304)
	at org.openqa.selenium.support.ui.FluentWait.until(FluentWait.java:272)
	at com.ucf.pcte.gold.WebUI.verifyElementNotPresent(WebUI.groovy:267)
	at com.ucf.pcte.gold.WebUI$verifyElementNotPresent$6.call(Unknown Source)
	at org.codehaus.groovy.runtime.callsite.CallSiteArray.defaultCall(CallSiteArray.java:47)
	at org.codehaus.groovy.runtime.callsite.AbstractCallSite.call(AbstractCallSite.java:125)
	at org.codehaus.groovy.runtime.callsite.AbstractCallSite.call(AbstractCallSite.java:148)
	at com.stepdefinitions.Add_Delete_Contact.verifyNoContact(Add_Delete_Contact:46)
	at ✽.I should no longer see contact(temp/features/DeleteContact.feature:7)
]]></failure>
    </testcase>
</testsuite><testsuite failures="0" name="cucumber.runtime.formatter.JUnitFormatter" skipped="0" tests="1" time="4.439953">
    <testcase classname="VerifyContacts using User001" name="Verify Contacts" time="4.439953">
        <system-out><![CDATA[Given I am on contactology..................................................passed
When I login to contactology................................................passed
Then I should see existing contacts.........................................passed
]]></system-out>
    </testcase>
</testsuite></testsuites>