<?xml version="1.0" encoding="UTF-8"?>
<testng-results ignored="0" total="4" passed="2" failed="2" skipped="0">
  <reporter-output>
  </reporter-output>
  <suite started-at="2021-02-15T13:38:04Z" name="TmpSuite" finished-at="2021-02-15T13:38:42Z" duration-ms="37550">
    <groups>
    </groups>
    <test started-at="2021-02-15T13:38:04Z" name="/Users/sebastiangilarranz/Desktop/Sebastian/PCTE-Similar1/Scripts/Register/Script1611241895950.groovy" finished-at="2021-02-15T13:38:18Z" duration-ms="14335">
      <class name="console.RunScript">
        <test-method signature="runScript(java.lang.String)[pri:0, instance:console.RunScript@48d5f34e]" started-at="2021-02-15T08:38:04Z" name="runScript" finished-at="2021-02-15T08:38:18Z" duration-ms="14318" status="FAIL">
          <params>
            <param index="0">
              <value>
                <![CDATA[/Users/sebastiangilarranz/Desktop/Sebastian/PCTE-Similar1/Scripts/Register/Script1611241895950.groovy]]>
              </value>
            </param>
          </params>
          <exception class="java.lang.AssertionError">
            <message>
              <![CDATA[Cucumber feature file failed.]]>
            </message>
            <full-stacktrace>
              <![CDATA[java.lang.AssertionError: Cucumber feature file failed.
	at org.junit.Assert.fail(Assert.java:89)
	at com.ucf.pcte.CucumberKW.runFeatureFile(CucumberKW.java:46)
	at com.ucf.pcte.CucumberKW$runFeatureFile.call(Unknown Source)
	at org.codehaus.groovy.runtime.callsite.CallSiteArray.defaultCall(CallSiteArray.java:47)
	at org.codehaus.groovy.runtime.callsite.AbstractCallSite.call(AbstractCallSite.java:125)
	at org.codehaus.groovy.runtime.callsite.AbstractCallSite.call(AbstractCallSite.java:139)
	at Script1611241895950.run(Script1611241895950.groovy:5)
	at groovy.lang.GroovyShell.evaluate(GroovyShell.java:427)
	at groovy.lang.GroovyShell.evaluate(GroovyShell.java:470)
	at console.RunScript.runScript(RunScript.java:25)
	at java.base/jdk.internal.reflect.NativeMethodAccessorImpl.invoke0(Native Method)
	at java.base/jdk.internal.reflect.NativeMethodAccessorImpl.invoke(NativeMethodAccessorImpl.java:64)
	at java.base/jdk.internal.reflect.DelegatingMethodAccessorImpl.invoke(DelegatingMethodAccessorImpl.java:43)
	at java.base/java.lang.reflect.Method.invoke(Method.java:564)
	at org.testng.internal.MethodInvocationHelper.invokeMethod(MethodInvocationHelper.java:108)
	at org.testng.internal.Invoker.invokeMethod(Invoker.java:661)
	at org.testng.internal.Invoker.invokeTestMethod(Invoker.java:869)
	at org.testng.internal.Invoker.invokeTestMethods(Invoker.java:1193)
	at org.testng.internal.TestMethodWorker.invokeTestMethods(TestMethodWorker.java:126)
	at org.testng.internal.TestMethodWorker.run(TestMethodWorker.java:109)
	at org.testng.TestRunner.privateRun(TestRunner.java:744)
	at org.testng.TestRunner.run(TestRunner.java:602)
	at org.testng.SuiteRunner.runTest(SuiteRunner.java:380)
	at org.testng.SuiteRunner.runSequentially(SuiteRunner.java:375)
	at org.testng.SuiteRunner.privateRun(SuiteRunner.java:340)
	at org.testng.SuiteRunner.run(SuiteRunner.java:289)
	at org.testng.SuiteRunnerWorker.runSuite(SuiteRunnerWorker.java:52)
	at org.testng.SuiteRunnerWorker.run(SuiteRunnerWorker.java:86)
	at org.testng.TestNG.runSuitesSequentially(TestNG.java:1301)
	at org.testng.TestNG.runSuitesLocally(TestNG.java:1226)
	at org.testng.TestNG.runSuites(TestNG.java:1144)
	at org.testng.TestNG.run(TestNG.java:1115)
	at console.Execute.run(Execute.java:53)
	at console.RunConsole.main(RunConsole.java:86)
]]>
            </full-stacktrace>
          </exception> <!-- java.lang.AssertionError -->
          <reporter-output>
          </reporter-output>
        </test-method> <!-- runScript -->
      </class> <!-- console.RunScript -->
    </test> <!-- /Users/sebastiangilarranz/Desktop/Sebastian/PCTE-Similar1/Scripts/Register/Script1611241895950.groovy -->
    <test started-at="2021-02-15T13:38:18Z" name="/Users/sebastiangilarranz/Desktop/Sebastian/PCTE-Similar1/Scripts/Login/Script1611188057074.groovy" finished-at="2021-02-15T13:38:30Z" duration-ms="11608">
      <class name="console.RunScript">
        <test-method signature="runScript(java.lang.String)[pri:0, instance:console.RunScript@13518f37]" started-at="2021-02-15T08:38:18Z" name="runScript" finished-at="2021-02-15T08:38:30Z" duration-ms="11608" status="FAIL">
          <params>
            <param index="0">
              <value>
                <![CDATA[/Users/sebastiangilarranz/Desktop/Sebastian/PCTE-Similar1/Scripts/Login/Script1611188057074.groovy]]>
              </value>
            </param>
          </params>
          <exception class="java.lang.AssertionError">
            <message>
              <![CDATA[Cucumber feature file failed.]]>
            </message>
            <full-stacktrace>
              <![CDATA[java.lang.AssertionError: Cucumber feature file failed.
	at org.junit.Assert.fail(Assert.java:89)
	at com.ucf.pcte.CucumberKW.runFeatureFile(CucumberKW.java:46)
	at com.ucf.pcte.CucumberKW$runFeatureFile.call(Unknown Source)
	at org.codehaus.groovy.runtime.callsite.CallSiteArray.defaultCall(CallSiteArray.java:47)
	at org.codehaus.groovy.runtime.callsite.AbstractCallSite.call(AbstractCallSite.java:125)
	at org.codehaus.groovy.runtime.callsite.AbstractCallSite.call(AbstractCallSite.java:139)
	at Script1611188057074.run(Script1611188057074.groovy:5)
	at groovy.lang.GroovyShell.evaluate(GroovyShell.java:427)
	at groovy.lang.GroovyShell.evaluate(GroovyShell.java:470)
	at console.RunScript.runScript(RunScript.java:25)
	at java.base/jdk.internal.reflect.NativeMethodAccessorImpl.invoke0(Native Method)
	at java.base/jdk.internal.reflect.NativeMethodAccessorImpl.invoke(NativeMethodAccessorImpl.java:64)
	at java.base/jdk.internal.reflect.DelegatingMethodAccessorImpl.invoke(DelegatingMethodAccessorImpl.java:43)
	at java.base/java.lang.reflect.Method.invoke(Method.java:564)
	at org.testng.internal.MethodInvocationHelper.invokeMethod(MethodInvocationHelper.java:108)
	at org.testng.internal.Invoker.invokeMethod(Invoker.java:661)
	at org.testng.internal.Invoker.invokeTestMethod(Invoker.java:869)
	at org.testng.internal.Invoker.invokeTestMethods(Invoker.java:1193)
	at org.testng.internal.TestMethodWorker.invokeTestMethods(TestMethodWorker.java:126)
	at org.testng.internal.TestMethodWorker.run(TestMethodWorker.java:109)
	at org.testng.TestRunner.privateRun(TestRunner.java:744)
	at org.testng.TestRunner.run(TestRunner.java:602)
	at org.testng.SuiteRunner.runTest(SuiteRunner.java:380)
	at org.testng.SuiteRunner.runSequentially(SuiteRunner.java:375)
	at org.testng.SuiteRunner.privateRun(SuiteRunner.java:340)
	at org.testng.SuiteRunner.run(SuiteRunner.java:289)
	at org.testng.SuiteRunnerWorker.runSuite(SuiteRunnerWorker.java:52)
	at org.testng.SuiteRunnerWorker.run(SuiteRunnerWorker.java:86)
	at org.testng.TestNG.runSuitesSequentially(TestNG.java:1301)
	at org.testng.TestNG.runSuitesLocally(TestNG.java:1226)
	at org.testng.TestNG.runSuites(TestNG.java:1144)
	at org.testng.TestNG.run(TestNG.java:1115)
	at console.Execute.run(Execute.java:53)
	at console.RunConsole.main(RunConsole.java:86)
]]>
            </full-stacktrace>
          </exception> <!-- java.lang.AssertionError -->
          <reporter-output>
          </reporter-output>
        </test-method> <!-- runScript -->
      </class> <!-- console.RunScript -->
    </test> <!-- /Users/sebastiangilarranz/Desktop/Sebastian/PCTE-Similar1/Scripts/Login/Script1611188057074.groovy -->
    <test started-at="2021-02-15T13:38:30Z" name="/Users/sebastiangilarranz/Desktop/Sebastian/PCTE-Similar1/Scripts/Add Contact_Delete Contact/Script1611247483450.groovy" finished-at="2021-02-15T13:38:37Z" duration-ms="7346">
      <class name="console.RunScript">
        <test-method signature="runScript(java.lang.String)[pri:0, instance:console.RunScript@8692d67]" started-at="2021-02-15T08:38:30Z" name="runScript" finished-at="2021-02-15T08:38:37Z" duration-ms="7346" status="PASS">
          <params>
            <param index="0">
              <value>
                <![CDATA[/Users/sebastiangilarranz/Desktop/Sebastian/PCTE-Similar1/Scripts/Add Contact_Delete Contact/Script1611247483450.groovy]]>
              </value>
            </param>
          </params>
          <reporter-output>
          </reporter-output>
        </test-method> <!-- runScript -->
      </class> <!-- console.RunScript -->
    </test> <!-- /Users/sebastiangilarranz/Desktop/Sebastian/PCTE-Similar1/Scripts/Add Contact_Delete Contact/Script1611247483450.groovy -->
    <test started-at="2021-02-15T13:38:37Z" name="/Users/sebastiangilarranz/Desktop/Sebastian/PCTE-Similar1/Scripts/Verify Existing Contacts/Script1611259297228.groovy" finished-at="2021-02-15T13:38:42Z" duration-ms="4226">
      <class name="console.RunScript">
        <test-method signature="runScript(java.lang.String)[pri:0, instance:console.RunScript@4983159f]" started-at="2021-02-15T08:38:37Z" name="runScript" finished-at="2021-02-15T08:38:42Z" duration-ms="4226" status="PASS">
          <params>
            <param index="0">
              <value>
                <![CDATA[/Users/sebastiangilarranz/Desktop/Sebastian/PCTE-Similar1/Scripts/Verify Existing Contacts/Script1611259297228.groovy]]>
              </value>
            </param>
          </params>
          <reporter-output>
          </reporter-output>
        </test-method> <!-- runScript -->
      </class> <!-- console.RunScript -->
    </test> <!-- /Users/sebastiangilarranz/Desktop/Sebastian/PCTE-Similar1/Scripts/Verify Existing Contacts/Script1611259297228.groovy -->
  </suite> <!-- TmpSuite -->
</testng-results>
