<?xml version="1.0" encoding="UTF-8" standalone="no"?><testsuites failures="1" name="Smoke" tests="6" time="24.234726"><testsuite failures="0" name="cucumber.runtime.formatter.JUnitFormatter" skipped="0" tests="1" time="3.801288">
    <testcase classname="Delete Contact" name="Delete previously created contact" time="3.801288">
        <system-out><![CDATA[Given I am on contactology..................................................passed
When I login to contactology................................................passed
And I delete contact previously created.....................................passed
Then I should no longer see contact.........................................passed
]]></system-out>
    </testcase>
</testsuite><testsuite failures="1" name="cucumber.runtime.formatter.JUnitFormatter" skipped="0" tests="2" time="9.520942">
    <testcase classname="Login to Contactology" name="Login" time="2.356806">
        <system-out><![CDATA[Given I am on contactology..................................................passed
When I login to contactology................................................passed
Then I should have access to dashboard......................................passed
]]></system-out>
    </testcase>
    <testcase classname="Login to Contactology" name="Logout" time="7.164136">
        <failure message="org.openqa.selenium.ElementNotInteractableException: element not interactable&#10;  (Session info: headless chrome=88.0.4324.150)&#10;Build info: version: '3.141.59', revision: 'e82be7d358', time: '2018-11-14T08:25:53'&#10;System info: host: 'Sebastians-MBP', ip: 'fe80:0:0:0:478:74f2:bfe0:9ff%en0', os.name: 'Mac OS X', os.arch: 'x86_64', os.version: '10.15.7', java.version: '15.0.1'&#10;Driver info: org.openqa.selenium.chrome.ChromeDriver&#10;Capabilities {acceptInsecureCerts: false, browserName: chrome, browserVersion: 88.0.4324.150, chrome: {chromedriverVersion: 88.0.4324.96 (68dba2d8a0b14..., userDataDir: /var/folders/0_/zz_t_4zj4jx...}, goog:chromeOptions: {debuggerAddress: localhost:61624}, javascriptEnabled: true, networkConnectionEnabled: false, pageLoadStrategy: normal, platform: MAC, platformName: MAC, proxy: Proxy(), setWindowRect: true, strictFileInteractability: false, timeouts: {implicit: 0, pageLoad: 300000, script: 30000}, unhandledPromptBehavior: dismiss and notify, webauthn:extension:largeBlob: true, webauthn:virtualAuthenticators: true}&#10;Session ID: c4a1544d29c82a802a0dd89abfc7922e&#10;&#9;at java.base/jdk.internal.reflect.NativeConstructorAccessorImpl.newInstance0(Native Method)&#10;&#9;at java.base/jdk.internal.reflect.NativeConstructorAccessorImpl.newInstance(NativeConstructorAccessorImpl.java:64)&#10;&#9;at java.base/jdk.internal.reflect.DelegatingConstructorAccessorImpl.newInstance(DelegatingConstructorAccessorImpl.java:45)&#10;&#9;at java.base/java.lang.reflect.Constructor.newInstanceWithCaller(Constructor.java:500)&#10;&#9;at java.base/java.lang.reflect.Constructor.newInstance(Constructor.java:481)&#10;&#9;at org.openqa.selenium.remote.http.W3CHttpResponseCodec.createException(W3CHttpResponseCodec.java:187)&#10;&#9;at org.openqa.selenium.remote.http.W3CHttpResponseCodec.decode(W3CHttpResponseCodec.java:122)&#10;&#9;at org.openqa.selenium.remote.http.W3CHttpResponseCodec.decode(W3CHttpResponseCodec.java:49)&#10;&#9;at org.openqa.selenium.remote.HttpCommandExecutor.execute(HttpCommandExecutor.java:158)&#10;&#9;at org.openqa.selenium.remote.service.DriverCommandExecutor.execute(DriverCommandExecutor.java:83)&#10;&#9;at org.openqa.selenium.remote.RemoteWebDriver.execute(RemoteWebDriver.java:552)&#10;&#9;at org.openqa.selenium.remote.RemoteWebElement.execute(RemoteWebElement.java:285)&#10;&#9;at org.openqa.selenium.remote.RemoteWebElement.click(RemoteWebElement.java:84)&#10;&#9;at com.ucf.pcte.Webui.click(Webui.java:60)&#10;&#9;at org.codehaus.groovy.vmplugin.v8.IndyInterface.fromCache(IndyInterface.java:318)&#10;&#9;at edu.ucf.irl.Login.logout(Login.groovy:38)&#10;&#9;at ✽.I logout of contactology(/Users/sebastiangilarranz/Desktop/Sebastian/PCTE-Similar1/Include/features/login/Login-success.feature:11)&#10;"><![CDATA[Given I am on contactology..................................................passed
And I login to contactology.................................................passed
When I logout of contactology...............................................failed
Then I should no longer have access to dashboard............................skipped

StackTrace:
org.openqa.selenium.ElementNotInteractableException: element not interactable
  (Session info: headless chrome=88.0.4324.150)
Build info: version: '3.141.59', revision: 'e82be7d358', time: '2018-11-14T08:25:53'
System info: host: 'Sebastians-MBP', ip: 'fe80:0:0:0:478:74f2:bfe0:9ff%en0', os.name: 'Mac OS X', os.arch: 'x86_64', os.version: '10.15.7', java.version: '15.0.1'
Driver info: org.openqa.selenium.chrome.ChromeDriver
Capabilities {acceptInsecureCerts: false, browserName: chrome, browserVersion: 88.0.4324.150, chrome: {chromedriverVersion: 88.0.4324.96 (68dba2d8a0b14..., userDataDir: /var/folders/0_/zz_t_4zj4jx...}, goog:chromeOptions: {debuggerAddress: localhost:61624}, javascriptEnabled: true, networkConnectionEnabled: false, pageLoadStrategy: normal, platform: MAC, platformName: MAC, proxy: Proxy(), setWindowRect: true, strictFileInteractability: false, timeouts: {implicit: 0, pageLoad: 300000, script: 30000}, unhandledPromptBehavior: dismiss and notify, webauthn:extension:largeBlob: true, webauthn:virtualAuthenticators: true}
Session ID: c4a1544d29c82a802a0dd89abfc7922e
	at java.base/jdk.internal.reflect.NativeConstructorAccessorImpl.newInstance0(Native Method)
	at java.base/jdk.internal.reflect.NativeConstructorAccessorImpl.newInstance(NativeConstructorAccessorImpl.java:64)
	at java.base/jdk.internal.reflect.DelegatingConstructorAccessorImpl.newInstance(DelegatingConstructorAccessorImpl.java:45)
	at java.base/java.lang.reflect.Constructor.newInstanceWithCaller(Constructor.java:500)
	at java.base/java.lang.reflect.Constructor.newInstance(Constructor.java:481)
	at org.openqa.selenium.remote.http.W3CHttpResponseCodec.createException(W3CHttpResponseCodec.java:187)
	at org.openqa.selenium.remote.http.W3CHttpResponseCodec.decode(W3CHttpResponseCodec.java:122)
	at org.openqa.selenium.remote.http.W3CHttpResponseCodec.decode(W3CHttpResponseCodec.java:49)
	at org.openqa.selenium.remote.HttpCommandExecutor.execute(HttpCommandExecutor.java:158)
	at org.openqa.selenium.remote.service.DriverCommandExecutor.execute(DriverCommandExecutor.java:83)
	at org.openqa.selenium.remote.RemoteWebDriver.execute(RemoteWebDriver.java:552)
	at org.openqa.selenium.remote.RemoteWebElement.execute(RemoteWebElement.java:285)
	at org.openqa.selenium.remote.RemoteWebElement.click(RemoteWebElement.java:84)
	at com.ucf.pcte.Webui.click(Webui.java:60)
	at org.codehaus.groovy.vmplugin.v8.IndyInterface.fromCache(IndyInterface.java:318)
	at edu.ucf.irl.Login.logout(Login.groovy:38)
	at ✽.I logout of contactology(/Users/sebastiangilarranz/Desktop/Sebastian/PCTE-Similar1/Include/features/login/Login-success.feature:11)
]]></failure>
    </testcase>
</testsuite><testsuite failures="0" name="cucumber.runtime.formatter.JUnitFormatter" skipped="0" tests="1" time="3.948225">
    <testcase classname="AddContact" name="Add Contact" time="3.948225">
        <system-out><![CDATA[Given I am on contactology..................................................passed
When I login to contactology................................................passed
And I add contact...........................................................passed
Then I should see contact on contactlist....................................passed
]]></system-out>
    </testcase>
</testsuite><testsuite failures="0" name="cucumber.runtime.formatter.JUnitFormatter" skipped="0" tests="1" time="3.597965">
    <testcase classname="Register to Contactology" name="Register" time="3.597965">
        <system-out><![CDATA[Given I am on contactology..................................................passed
When I register to contactology.............................................passed
Then I should have access to dashboard......................................passed
]]></system-out>
    </testcase>
</testsuite><testsuite failures="0" name="cucumber.runtime.formatter.JUnitFormatter" skipped="0" tests="1" time="3.366306">
    <testcase classname="VerifyContacts using User001" name="Verify Contacts" time="3.366306">
        <system-out><![CDATA[Given I am on contactology..................................................passed
When I login to contactology................................................passed
Then I should see existing contacts.........................................passed
]]></system-out>
    </testcase>
</testsuite></testsuites>